  Gackin.cpp
  The contents of <filesystem> are available only with C++17 or later.
  MainForm.cpp
E:\Release_test\LostArk_Manager\LostArk_M\LostArk_M\RaidCalHeader.h(1,1): warning C4828: 파일에 0xa1c 오프셋에서 시작하는 문자가 포함되어 있습니다. 이 문자는 현재 원본 문자 집합에서 잘못된 문자입니다(코드 페이지 949).
E:\Release_test\LostArk_Manager\LostArk_M\LostArk_M\RaidCalHeader.h(70,23): warning C4244: '=': 'double'에서 'int'(으)로 변환하면서 데이터가 손실될 수 있습니다.
E:\Release_test\LostArk_Manager\LostArk_M\LostArk_M\RaidCalHeader.h(72,36): warning C4244: '=': 'double'에서 'int'(으)로 변환하면서 데이터가 손실될 수 있습니다.
E:\Release_test\LostArk_Manager\LostArk_M\LostArk_M\RaidCalHeader.h(75,40): warning C4244: '=': 'double'에서 'int'(으)로 변환하면서 데이터가 손실될 수 있습니다.
E:\Release_test\LostArk_Manager\LostArk_M\LostArk_M\RaidCalHeader.h(76,45): warning C4244: '=': 'double'에서 'int'(으)로 변환하면서 데이터가 손실될 수 있습니다.
E:\Release_test\LostArk_Manager\LostArk_M\LostArk_M\RaidCalHeader.h(78,27): warning C4244: '=': 'double'에서 'int'(으)로 변환하면서 데이터가 손실될 수 있습니다.
E:\Release_test\LostArk_Manager\LostArk_M\LostArk_M\GackinForm.h(413,3): warning C4996: 'strcpy': This function or variable may be unsafe. Consider using strcpy_s instead. To disable deprecation, use _CRT_SECURE_NO_WARNINGS. See online help for details.
E:\Release_test\LostArk_Manager\LostArk_M\LostArk_M\RaidCalForm.h(525,26): warning C4244: '=': 'double'에서 'int'(으)로 변환하면서 데이터가 손실될 수 있습니다.
E:\Release_test\LostArk_Manager\LostArk_M\LostArk_M\RaidCalForm.h(528,34): warning C4244: '=': 'double'에서 'int'(으)로 변환하면서 데이터가 손실될 수 있습니다.
E:\Release_test\LostArk_Manager\LostArk_M\LostArk_M\ProfileForm.h(790,3): warning C4996: 'strcpy': This function or variable may be unsafe. Consider using strcpy_s instead. To disable deprecation, use _CRT_SECURE_NO_WARNINGS. See online help for details.
E:\Release_test\LostArk_Manager\LostArk_M\LostArk_M\RockForm.h(762,10): warning C4101: 'abil' :참조되지 않은 지역 변수입니다.
E:\Release_test\LostArk_Manager\LostArk_M\LostArk_M\MainForm.cpp(8,33): warning C4829: main 함수에 대한 매개 변수가 잘못된 것 같습니다. 'int main(Platform::Array<Platform::String^>^ argv)'를 사용하십시오.
  .NETFramework,Version=v4.7.2.AssemblyAttributes.cpp
  코드를 생성하고 있습니다...
E:\Release_test\LostArk_Manager\LostArk_M\LostArk_M\Gackin.cpp(188): warning C4715: 'Gackin_info::check_p': 모든 제어 경로에서 값을 반환하지는 않습니다.
E:\Release_test\LostArk_Manager\LostArk_M\LostArk_M\Gackin.cpp(201): warning C4715: 'Gackin_info::check_s': 모든 제어 경로에서 값을 반환하지는 않습니다.
  Gackin.obj : MSIL 모듈이 발견되었습니다. MSIL에 증분 링크를 사용할 수 없습니다. 전체 링크를 수행하고 있습니다.
  LostArk_M.vcxproj -> E:\Release_test\LostArk_Manager\LostArk_M\x64\Debug\LostArk_M.exe
