e:\release_test\lostark_manager\lostark_m\lostark_m\x64\release\vc143.pdb
e:\release_test\lostark_manager\lostark_m\lostark_m\x64\release\.netframework,version=v4.7.2.assemblyattributes.obj
e:\release_test\lostark_manager\lostark_m\lostark_m\x64\release\mainform.obj
e:\release_test\lostark_manager\lostark_m\lostark_m\x64\release\gackin.obj
e:\release_test\lostark_manager\lostark_m\x64\release\lostark_m.exe
e:\release_test\lostark_manager\lostark_m\x64\release\lostark_m.pdb
e:\nnnn\lostark_manager\lostark_m\lostark_m\x64\release\lostark_m.vcxproj.assemblyreference.cache
e:\nnnn\lostark_manager\lostark_m\lostark_m\x64\release\lostark_m.vcxproj.generateresource.cache
e:\nnnn\lostark_manager\lostark_m\lostark_m\x64\release\lostark_m.vcxproj.suggestedbindingredirects.cache
e:\nnnn\lostark_manager\lostark_m\lostark_m\x64\release\.netframework,version=v4.7.2.assemblyattributes.obj
e:\nnnn\lostark_manager\lostark_m\lostark_m\x64\release\gackin.obj
e:\nnnn\lostark_manager\lostark_m\lostark_m\x64\release\mainform.obj
e:\nnnn\lostark_manager\lostark_m\lostark_m\x64\release\lostarkm.abyssform.resources
e:\nnnn\lostark_manager\lostark_m\lostark_m\x64\release\lostarkm.card_le_advancedform.resources
e:\nnnn\lostark_manager\lostark_m\lostark_m\x64\release\lostarkm.card_le_heroform.resources
e:\nnnn\lostark_manager\lostark_m\lostark_m\x64\release\lostarkm.card_le_nomalform.resources
e:\nnnn\lostark_manager\lostark_m\lostark_m\x64\release\lostarkm.card_le_rareform.resources
e:\nnnn\lostark_manager\lostark_m\lostark_m\x64\release\lostarkm.chooseform.resources
e:\nnnn\lostark_manager\lostark_m\lostark_m\x64\release\lostarkm.gackinform.resources
e:\nnnn\lostark_manager\lostark_m\lostark_m\x64\release\lostarkm.legendform.resources
e:\nnnn\lostark_manager\lostark_m\lostark_m\x64\release\lostarkm.mainform.resources
e:\nnnn\lostark_manager\lostark_m\lostark_m\x64\release\lostarkm.profileform.resources
e:\nnnn\lostark_manager\lostark_m\lostark_m\x64\release\lostarkm.raidcalform.resources
e:\nnnn\lostark_manager\lostark_m\lostark_m\x64\release\lostarkm.raidform.resources
e:\nnnn\lostark_manager\lostark_m\lostark_m\x64\release\lostarkm.rockform.resources
e:\nnnn\lostark_manager\lostark_m\lostark_m\x64\release\lostarkm.simulform.resources
e:\nnnn\lostark_manager\lostark_m\lostark_m\x64\release\vc143.pdb
e:\nnnn\lostark_manager\lostark_m\x64\release\lostark_m.pdb
e:\nnnn\lostark_manager\lostark_m\x64\release\lostark_m.exe
e:\nnnn\lostark_manager\lostark_m\lostark_m\x64\release\lostark_m.tlog\cl.command.1.tlog
e:\nnnn\lostark_manager\lostark_m\lostark_m\x64\release\lostark_m.tlog\cl.read.1.tlog
e:\nnnn\lostark_manager\lostark_m\lostark_m\x64\release\lostark_m.tlog\cl.write.1.tlog
e:\nnnn\lostark_manager\lostark_m\lostark_m\x64\release\lostark_m.tlog\link.command.1.tlog
e:\nnnn\lostark_manager\lostark_m\lostark_m\x64\release\lostark_m.tlog\link.read.1.tlog
e:\nnnn\lostark_manager\lostark_m\lostark_m\x64\release\lostark_m.tlog\link.write.1.tlog
e:\nnnn\lostark_manager\lostark_m\lostark_m\x64\release\lostark_m.tlog\metagen.read.1.tlog
e:\nnnn\lostark_manager\lostark_m\lostark_m\x64\release\lostark_m.tlog\metagen.write.1.tlog
e:\nnnn\lostark_manager\lostark_m\lostark_m\x64\release\lostark_m.tlog\resgen.command.1.tlog
e:\nnnn\lostark_manager\lostark_m\lostark_m\x64\release\lostark_m.tlog\resgen.read.1.tlog
e:\nnnn\lostark_manager\lostark_m\lostark_m\x64\release\lostark_m.tlog\resgen.write.1.tlog
